#
# A fatal error has been detected by the Java Runtime Environment:
#
#  EXCEPTION_ACCESS_VIOLATION (0xc0000005) at pc=0x000000005cae4439, pid=10604, tid=3920
#
# JRE version: Java(TM) SE Runtime Environment (7.0_80-b15) (build 1.7.0_80-b15)
# Java VM: Java HotSpot(TM) 64-Bit Server VM (24.80-b11 mixed mode windows-amd64 compressed oops)
# Problematic frame:
# V  [jvm.dll+0x54439]
#
# Failed to write core dump. Minidumps are not enabled by default on client versions of Windows
#
# If you would like to submit a bug report, please visit:
#   http://bugreport.java.com/bugreport/crash.jsp
#

---------------  T H R E A D  ---------------

Current thread (0x000000000c1f1000):  JavaThread "JDWP Transport Listener: dt_socket" daemon [_thread_in_vm, id=3920, stack(0x000000000dfa0000,0x000000000e0a0000)]

siginfo: ExceptionCode=0xc0000005, reading address 0x000000000000000c

Registers:
RAX=0x000000000000000c, RBX=0x000000000c1f1000, RCX=0x0000000000000003, RDX=0x0000000000000000
RSP=0x000000000e09f9c0, RBP=0x000000000000000c, RSI=0x0000000000000000, RDI=0x0000000000000010
R8 =0x00000007d6b4b3a8, R9 =0x0000000000000000, R10=0x0000000000000000, R11=0x0000000000000001
R12=0x0000000000000000, R13=0x00000000022b0688, R14=0x0000000000000000, R15=0x0000000000000000
RIP=0x000000005cae4439, EFLAGS=0x0000000000010246

Top of Stack: (sp=0x000000000e09f9c0)
0x000000000e09f9c0:   000000000c1f1000 0000000000000000
0x000000000e09f9d0:   0000000000000000 000000000c1f1000
0x000000000e09f9e0:   0000000000000000 000000005cbadad7
0x000000000e09f9f0:   00000007d6b4b3a8 000000000e09fb10
0x000000000e09fa00:   000000000b240588 000000000e09fae0
0x000000000e09fa10:   000000000c1f1000 0000000000000000
0x000000000e09fa20:   000000000b240588 000000000e09fb10
0x000000000e09fa30:   0000000000000000 00000000022b0688
0x000000000e09fa40:   0000000000000000 000000006eba7d15
0x000000000e09fa50:   000000000e09fae0 000000000e09fb10
0x000000000e09fa60:   000000000b240588 000000000c1f11e8
0x000000000e09fa70:   000000000e87120a 000000006ebaf090
0x000000000e09fa80:   0000000002010a01 000000000e09fb80
0x000000000e09fa90:   00000000022b0201 00000000022b0201
0x000000000e09faa0:   0002568300000013 0000000002010a00
0x000000000e09fab0:   0000000002299d20 000000005cc1ec1a 

Instructions: (pc=0x000000005cae4439)
0x000000005cae4419:   d2 48 8b c5 eb 18 48 8b d0 48 8b c5 48 d3 e2 48
0x000000005cae4429:   03 15 81 64 6a 00 eb 06 48 8b 12 48 8b c7 48 98
0x000000005cae4439:   8b 14 10 85 d2 74 2a 45 84 db 4c 63 c6 48 0f 45
0x000000005cae4449:   fd 8d 47 0b 48 63 c8 48 83 e1 f8 48 c1 e9 03 8d 


Register to memory mapping:

RAX=0x000000000000000c is an unknown value
RBX=0x000000000c1f1000 is a thread
RCX=0x0000000000000003 is an unknown value
RDX=0x0000000000000000 is an unknown value
RSP=0x000000000e09f9c0 is pointing into the stack for thread: 0x000000000c1f1000
RBP=0x000000000000000c is an unknown value
RSI=0x0000000000000000 is an unknown value
RDI=0x0000000000000010 is an unknown value
R8 =0x00000007d6b4b3a8 is an oop
java.lang.String 
 - klass: 'java/lang/String'
R9 =0x0000000000000000 is an unknown value
R10=0x0000000000000000 is an unknown value
R11=0x0000000000000001 is an unknown value
R12=0x0000000000000000 is an unknown value
R13=0x00000000022b0688 is an unknown value
R14=0x0000000000000000 is an unknown value
R15=0x0000000000000000 is an unknown value


Stack: [0x000000000dfa0000,0x000000000e0a0000],  sp=0x000000000e09f9c0,  free space=1022k
Native frames: (J=compiled Java code, j=interpreted, Vv=VM code, C=native code)
V  [jvm.dll+0x54439]


---------------  P R O C E S S  ---------------

Java Threads: ( => current thread )
  0x000000000e8d9800 JavaThread "ReaderThread" [_thread_in_native, id=9828, stack(0x000000000f110000,0x000000000f210000)]
  0x000000000c219800 JavaThread "Service Thread" daemon [_thread_blocked, id=6740, stack(0x000000000e620000,0x000000000e720000)]
  0x000000000c216000 JavaThread "C2 CompilerThread1" daemon [_thread_blocked, id=1476, stack(0x000000000e4e0000,0x000000000e5e0000)]
  0x000000000c215000 JavaThread "C2 CompilerThread0" daemon [_thread_blocked, id=10236, stack(0x000000000e170000,0x000000000e270000)]
  0x000000000c203000 JavaThread "JDWP Command Reader" daemon [_thread_in_native, id=7440, stack(0x000000000e320000,0x000000000e420000)]
  0x000000000c202000 JavaThread "JDWP Event Helper Thread" daemon [_thread_blocked, id=10356, stack(0x000000000ddb0000,0x000000000deb0000)]
=>0x000000000c1f1000 JavaThread "JDWP Transport Listener: dt_socket" daemon [_thread_in_vm, id=3920, stack(0x000000000dfa0000,0x000000000e0a0000)]
  0x000000000c1e8000 JavaThread "Attach Listener" daemon [_thread_blocked, id=1124, stack(0x000000000d800000,0x000000000d900000)]
  0x000000000b25f000 JavaThread "Signal Dispatcher" daemon [_thread_blocked, id=9120, stack(0x000000000d3c0000,0x000000000d4c0000)]
  0x000000000b246000 JavaThread "Finalizer" daemon [_thread_blocked, id=8684, stack(0x000000000d590000,0x000000000d690000)]
  0x000000000231f800 JavaThread "Reference Handler" daemon [_thread_blocked, id=7048, stack(0x000000000d120000,0x000000000d220000)]
  0x000000000228a800 JavaThread "main" [_thread_blocked, id=9444, stack(0x0000000002530000,0x0000000002630000)]

Other Threads:
  0x000000000b23d800 VMThread [stack: 0x000000000d2a0000,0x000000000d3a0000] [id=10952]
  0x000000000c24f800 WatcherThread [stack: 0x000000000d690000,0x000000000d790000] [id=5992]

VM state:not at safepoint (normal execution)

VM Mutex/Monitor currently owned by a thread: None

Heap
 PSYoungGen      total 38400K, used 15185K [0x00000007d5c80000, 0x00000007d8700000, 0x0000000800000000)
  eden space 33280K, 45% used [0x00000007d5c80000,0x00000007d6b54508,0x00000007d7d00000)
  from space 5120K, 0% used [0x00000007d8200000,0x00000007d8200000,0x00000007d8700000)
  to   space 5120K, 0% used [0x00000007d7d00000,0x00000007d7d00000,0x00000007d8200000)
 ParOldGen       total 86016K, used 0K [0x0000000781600000, 0x0000000786a00000, 0x00000007d5c80000)
  object space 86016K, 0% used [0x0000000781600000,0x0000000781600000,0x0000000786a00000)
 PSPermGen       total 21504K, used 4761K [0x000000077c400000, 0x000000077d900000, 0x0000000781600000)
  object space 21504K, 22% used [0x000000077c400000,0x000000077c8a6500,0x000000077d900000)

Card table byte_map: [0x0000000005630000,0x0000000005a50000] byte_map_base: 0x0000000001a4e000

Polling page: 0x0000000000350000

Code Cache  [0x0000000002630000, 0x00000000028a0000, 0x0000000005630000)
 total_blobs=252 nmethods=39 adapters=174 free_code_cache=48648Kb largest_free_block=49795840

Compilation events (10 events):
Event: 0.242 Thread 0x000000000c216000 nmethod 35 0x00000000026a3ed0 code [0x00000000026a4000, 0x00000000026a4098]
Event: 0.245 Thread 0x000000000c215000 nmethod 29 0x00000000026afa50 code [0x00000000026afc80, 0x00000000026b18c0]
Event: 0.262 Thread 0x000000000c216000   36             java.lang.String::length (6 bytes)
Event: 0.262 Thread 0x000000000c216000 nmethod 36 0x00000000026a5d10 code [0x00000000026a5e40, 0x00000000026a5ed8]
Event: 0.266 Thread 0x000000000c215000   37             java.lang.String::equals (81 bytes)
Event: 0.268 Thread 0x000000000c215000 nmethod 37 0x00000000026a54d0 code [0x00000000026a5620, 0x00000000026a58f8]
Event: 0.278 Thread 0x000000000c216000   38             java.lang.Math::min (11 bytes)
Event: 0.278 Thread 0x000000000c216000 nmethod 38 0x00000000026a7090 code [0x00000000026a71c0, 0x00000000026a7218]
Event: 0.288 Thread 0x000000000c215000   39             java.io.DataOutputStream::writeUTF (435 bytes)
Event: 0.295 Thread 0x000000000c215000 nmethod 39 0x00000000026aaf90 code [0x00000000026ab100, 0x00000000026abc78]

GC Heap History (0 events):
No events

Deoptimization events (6 events):
Event: 0.180 Thread 0x000000000228a800 Uncommon trap: reason=unstable_if action=reinterpret pc=0x000000000268e260 method=java.lang.String.indexOf(II)I @ 49
Event: 0.180 Thread 0x000000000228a800 Uncommon trap: reason=unstable_if action=reinterpret pc=0x000000000268f5ac method=java.lang.String.indexOf([CII[CIII)I @ 134
Event: 0.184 Thread 0x000000000228a800 Uncommon trap: reason=unstable_if action=reinterpret pc=0x0000000002691178 method=sun.nio.cs.UTF_8$Decoder.decode([BII[C)I @ 24
Event: 0.200 Thread 0x000000000228a800 Uncommon trap: reason=unstable_if action=reinterpret pc=0x000000000269d5ec method=java.io.Win32FileSystem.normalize(Ljava/lang/String;II)Ljava/lang/String; @ 90
Event: 0.202 Thread 0x000000000228a800 Uncommon trap: reason=unstable_if action=reinterpret pc=0x000000000268e704 method=java.lang.String.hashCode()I @ 14
Event: 0.232 Thread 0x000000000228a800 Uncommon trap: reason=unstable_if action=reinterpret pc=0x00000000026988f8 method=java.lang.String.indexOf([CII[CIII)I @ 3

Internal exceptions (10 events):
Event: 0.289 Thread 0x000000000228a800 Threw 0x00000007d6b0cac8 at C:\re\jdk7u80\2329\hotspot\src\share\vm\prims\jvm.cpp:1319
Event: 0.289 Thread 0x000000000228a800 Threw 0x00000007d6b0fc08 at C:\re\jdk7u80\2329\hotspot\src\share\vm\prims\jvm.cpp:1319
Event: 0.290 Thread 0x000000000228a800 Threw 0x00000007d6b139a8 at C:\re\jdk7u80\2329\hotspot\src\share\vm\prims\jvm.cpp:1319
Event: 0.290 Thread 0x000000000228a800 Threw 0x00000007d6b17548 at C:\re\jdk7u80\2329\hotspot\src\share\vm\prims\jvm.cpp:1319
Event: 0.290 Thread 0x000000000228a800 Threw 0x00000007d6b1b8d8 at C:\re\jdk7u80\2329\hotspot\src\share\vm\prims\jvm.cpp:1319
Event: 0.291 Thread 0x000000000228a800 Threw 0x00000007d6b1eb18 at C:\re\jdk7u80\2329\hotspot\src\share\vm\prims\jvm.cpp:1319
Event: 0.291 Thread 0x000000000228a800 Threw 0x00000007d6b23038 at C:\re\jdk7u80\2329\hotspot\src\share\vm\prims\jvm.cpp:1319
Event: 0.292 Thread 0x000000000228a800 Threw 0x00000007d6b27318 at C:\re\jdk7u80\2329\hotspot\src\share\vm\prims\jvm.cpp:1319
Event: 0.292 Thread 0x000000000228a800 Threw 0x00000007d6b2bec8 at C:\re\jdk7u80\2329\hotspot\src\share\vm\prims\jvm.cpp:1319
Event: 0.296 Thread 0x000000000228a800 Threw 0x00000007d6b47798 at C:\re\jdk7u80\2329\hotspot\src\share\vm\prims\jvm.cpp:1319

Events (10 events):
Event: 39.931 Executing VM operation: ChangeSingleStep
Event: 39.931 Executing VM operation: ChangeSingleStep done
Event: 39.932 Executing VM operation: ChangeSingleStep
Event: 39.932 Executing VM operation: ChangeSingleStep done
Event: 39.955 Executing VM operation: GetOrSetLocal
Event: 39.955 Executing VM operation: GetOrSetLocal done
Event: 39.958 Executing VM operation: GetOrSetLocal
Event: 39.958 Executing VM operation: GetOrSetLocal done
Event: 40.075 Executing VM operation: GetOrSetLocal
Event: 40.075 Executing VM operation: GetOrSetLocal done


Dynamic libraries:
0x000000013f920000 - 0x000000013f953000 	C:\Java\jdk1.7.0_80\bin\javaw.exe
0x00000000776e0000 - 0x000000007788a000 	C:\Windows\SYSTEM32\ntdll.dll
0x00000000774c0000 - 0x00000000775df000 	C:\Windows\system32\kernel32.dll
0x000007fefd4c0000 - 0x000007fefd52b000 	C:\Windows\system32\KERNELBASE.dll
0x0000000075170000 - 0x00000000751f9000 	C:\Windows\System32\SYSFER.DLL
0x000007fefd9e0000 - 0x000007fefdabb000 	C:\Windows\system32\ADVAPI32.dll
0x000007feff570000 - 0x000007feff60f000 	C:\Windows\system32\msvcrt.dll
0x000007fefd880000 - 0x000007fefd89f000 	C:\Windows\SYSTEM32\sechost.dll
0x000007fefe350000 - 0x000007fefe47d000 	C:\Windows\system32\RPCRT4.dll
0x00000000775e0000 - 0x00000000776da000 	C:\Windows\system32\USER32.dll
0x000007feff4e0000 - 0x000007feff547000 	C:\Windows\system32\GDI32.dll
0x000007fefd870000 - 0x000007fefd87e000 	C:\Windows\system32\LPK.dll
0x000007fefdf70000 - 0x000007fefe03a000 	C:\Windows\system32\USP10.dll
0x000007fefc020000 - 0x000007fefc214000 	C:\Windows\WinSxS\amd64_microsoft.windows.common-controls_6595b64144ccf1df_6.0.7601.18837_none_fa3b1e3d17594757\COMCTL32.dll
0x000007feff6b0000 - 0x000007feff721000 	C:\Windows\system32\SHLWAPI.dll
0x000007feff9c0000 - 0x000007feff9ee000 	C:\Windows\system32\IMM32.DLL
0x000007fefde60000 - 0x000007fefdf69000 	C:\Windows\system32\MSCTF.dll
0x0000000069f00000 - 0x0000000069fd2000 	C:\Java\jdk1.7.0_80\jre\bin\msvcr100.dll
0x000000005ca90000 - 0x000000005d269000 	C:\Java\jdk1.7.0_80\jre\bin\server\jvm.dll
0x000007fef8f60000 - 0x000007fef8f69000 	C:\Windows\system32\WSOCK32.dll
0x000007fefd820000 - 0x000007fefd86d000 	C:\Windows\system32\WS2_32.dll
0x000007fefe0e0000 - 0x000007fefe0e8000 	C:\Windows\system32\NSI.dll
0x000007fefb030000 - 0x000007fefb06b000 	C:\Windows\system32\WINMM.dll
0x00000000778b0000 - 0x00000000778b7000 	C:\Windows\system32\PSAPI.DLL
0x000000006f5c0000 - 0x000000006f5cf000 	C:\Java\jdk1.7.0_80\jre\bin\verify.dll
0x000000006e210000 - 0x000000006e238000 	C:\Java\jdk1.7.0_80\jre\bin\java.dll
0x000000006eba0000 - 0x000000006ebd5000 	C:\Java\jdk1.7.0_80\jre\bin\jdwp.dll
0x000000006f8e0000 - 0x000000006f8e8000 	C:\Java\jdk1.7.0_80\jre\bin\npt.dll
0x000000006e1f0000 - 0x000000006e206000 	C:\Java\jdk1.7.0_80\jre\bin\zip.dll
0x000000006ec80000 - 0x000000006ec89000 	C:\Java\jdk1.7.0_80\jre\bin\dt_socket.dll
0x000007fefaa70000 - 0x000007fefaa85000 	C:\Windows\system32\NLAapi.dll
0x000007fef7770000 - 0x000007fef7785000 	C:\Windows\system32\napinsp.dll
0x000007fef7750000 - 0x000007fef7769000 	C:\Windows\system32\pnrpnsp.dll
0x000007fefcc20000 - 0x000007fefcc75000 	C:\Windows\System32\mswsock.dll
0x000007fefcaa0000 - 0x000007fefcafb000 	C:\Windows\system32\DNSAPI.dll
0x000007fef7740000 - 0x000007fef774b000 	C:\Windows\System32\winrnr.dll
0x000007fefab70000 - 0x000007fefab97000 	C:\Windows\system32\IPHLPAPI.DLL
0x000007fefab60000 - 0x000007fefab6b000 	C:\Windows\system32\WINNSI.DLL
0x000007fefa620000 - 0x000007fefa673000 	C:\Windows\System32\fwpuclnt.dll
0x000007fef8b30000 - 0x000007fef8b38000 	C:\Windows\system32\rasadhlp.dll
0x000007fefc610000 - 0x000007fefc617000 	C:\Windows\System32\wshtcpip.dll
0x000000006e1d0000 - 0x000000006e1ea000 	C:\Java\jdk1.7.0_80\jre\bin\net.dll
0x000007fefcc10000 - 0x000007fefcc17000 	C:\Windows\System32\wship6.dll
0x000007fef70d0000 - 0x000007fef71f5000 	C:\Windows\system32\dbghelp.dll

VM Arguments:
jvm_args: -agentlib:jdwp=transport=dt_socket,suspend=y,address=localhost:62424 -Dfile.encoding=UTF-8 
java_command: org.eclipse.jdt.internal.junit.runner.RemoteTestRunner -version 3 -port 62423 -testLoaderClass org.eclipse.jdt.internal.junit4.runner.JUnit4TestLoader -loaderpluginname org.eclipse.jdt.junit4.runtime -test com.lapsa.phone.test.TestPhoneNumber:testFormat3
Launcher Type: SUN_STANDARD

Environment Variables:
JAVA_HOME=C:\Java\jdk-default
PATH=C:\Java\jdk1.7.0_80\jre\bin;C:/Java/jdk-default/bin/../jre/bin/server;C:/Java/jdk-default/bin/../jre/bin;C:/Java/jdk-default/bin/../jre/lib/amd64;C:\Program Files (x86)\Common Files\Intel\Shared Files\cpp\bin\Intel64;C:\Program Files (x86)\Intel\iCLS Client\;C:\Program Files\Intel\iCLS Client\;C:\Windows\system32;C:\Windows;C:\Windows\System32\Wbem;C:\Windows\System32\WindowsPowerShell\v1.0\;C:\Program Files\Intel\Intel(R) Management Engine Components\DAL;C:\Program Files (x86)\Intel\Intel(R) Management Engine Components\DAL;C:\Program Files\Intel\Intel(R) Management Engine Components\IPT;C:\Program Files (x86)\Intel\Intel(R) Management Engine Components\IPT;C:\Git-2.6.4\cmd;C:\Git-2.6.4\mingw64\bin;C:\Git-2.6.4\usr\bin;C:\Python27\;C:\Python27\\Scripts;C:\MinGW\bin\;C:\Java\jdk-default\bin;C:\Java\apache-maven-3.3.9\bin\;C:\Java\eclipse-jee-mars-2-win32-x86_64;
USERNAME=Vadim.Isaev
OS=Windows_NT
PROCESSOR_IDENTIFIER=Intel64 Family 6 Model 60 Stepping 3, GenuineIntel



---------------  S Y S T E M  ---------------

OS: Windows 7 , 64 bit Build 7601 Service Pack 1

CPU:total 8 (4 cores per cpu, 2 threads per core) family 6 model 60 stepping 3, cmov, cx8, fxsr, mmx, sse, sse2, sse3, ssse3, sse4.1, sse4.2, popcnt, avx, avx2, aes, erms, ht, tsc, tscinvbit

Memory: 4k page, physical 8294552k(4600244k free), swap 16587268k(9838164k free)

vm_info: Java HotSpot(TM) 64-Bit Server VM (24.80-b11) for windows-amd64 JRE (1.7.0_80-b15), built on Apr 10 2015 11:26:34 by "java_re" with unknown MS VC++:1600

time: Wed Mar 09 10:34:11 2016
elapsed time: 40 seconds

